[INFO] Scanning for projects...
[INFO] 
[INFO] ---------------------< it.polito.oop.exam:trains >----------------------
[INFO] Building trains 1.0.0
[INFO] --------------------------------[ jar ]---------------------------------
[INFO] 
[INFO] --- maven-resources-plugin:2.6:resources (default-resources) @ trains ---
[INFO] Using 'UTF-8' encoding to copy filtered resources.
[INFO] skip non existing resourceDirectory /Users/mtk/Documents/Teaching/_OOP/Esami/20230627/consegne/s314800/src/main/resources
[INFO] 
[INFO] --- maven-compiler-plugin:3.8.1:compile (default-compile) @ trains ---
[INFO] Nothing to compile - all classes are up to date
[INFO] 
[INFO] --- maven-resources-plugin:2.6:testResources (default-testResources) @ trains ---
[INFO] Using 'UTF-8' encoding to copy filtered resources.
[INFO] skip non existing resourceDirectory /Users/mtk/Documents/Teaching/_OOP/Esami/20230627/consegne/s314800/src/test/resources
[INFO] 
[INFO] --- maven-compiler-plugin:3.8.1:testCompile (default-testCompile) @ trains ---
[INFO] Changes detected - recompiling the module!
[INFO] Compiling 6 source files to /Users/mtk/Documents/Teaching/_OOP/Esami/20230627/consegne/s314800/target/test-classes
[INFO] 
[INFO] --- maven-surefire-plugin:2.22.0:test (default-test) @ trains ---
[INFO] 
[INFO] -------------------------------------------------------
[INFO]  T E S T S
[INFO] -------------------------------------------------------
[INFO] Running example.TestExample
[ERROR] Tests run: 1, Failures: 1, Errors: 0, Skipped: 0, Time elapsed: 0.022 s <<< FAILURE! - in example.TestExample
[ERROR] testAll(example.TestExample)  Time elapsed: 0.003 s  <<< FAILURE!
java.lang.AssertionError
	at example.TestExample.testAll(TestExample.java:30)

[INFO] Running it.polito.po.test.TestR3_Bookings
[ERROR] Tests run: 9, Failures: 9, Errors: 0, Skipped: 0, Time elapsed: 0 s <<< FAILURE! - in it.polito.po.test.TestR3_Bookings
[ERROR] testListBookings2(it.polito.po.test.TestR3_Bookings)  Time elapsed: 0 s  <<< FAILURE!
java.lang.AssertionError: Missing bookings
	at it.polito.po.test.TestR3_Bookings.testListBookings2(TestR3_Bookings.java:99)

[ERROR] testBooking(it.polito.po.test.TestR3_Bookings)  Time elapsed: 0 s  <<< FAILURE!
java.lang.AssertionError: expected:<XD345> but was:<null>
	at it.polito.po.test.TestR3_Bookings.testBooking(TestR3_Bookings.java:40)

[ERROR] testListBookings(it.polito.po.test.TestR3_Bookings)  Time elapsed: 0 s  <<< FAILURE!
java.lang.AssertionError: Missing bookings
	at it.polito.po.test.TestR3_Bookings.testListBookings(TestR3_Bookings.java:85)

[ERROR] testBookingPartialOverlap(it.polito.po.test.TestR3_Bookings)  Time elapsed: 0 s  <<< FAILURE!
java.lang.AssertionError: Wrong slot for booking not detected: expected it.ffss.train.TrainException to be thrown, but nothing was thrown
	at it.polito.po.test.TestR3_Bookings.testBookingPartialOverlap(TestR3_Bookings.java:71)

[ERROR] testNonBookedSeats(it.polito.po.test.TestR3_Bookings)  Time elapsed: 0 s  <<< FAILURE!
java.lang.AssertionError: Missing seats
	at it.polito.po.test.TestR3_Bookings.testNonBookedSeats(TestR3_Bookings.java:129)

[ERROR] testBookingBadCode(it.polito.po.test.TestR3_Bookings)  Time elapsed: 0 s  <<< FAILURE!
java.lang.AssertionError: Invalid car id for booking not detected: expected it.ffss.train.TrainException to be thrown, but nothing was thrown
	at it.polito.po.test.TestR3_Bookings.testBookingBadCode(TestR3_Bookings.java:48)

[ERROR] testBookingBadSeat(it.polito.po.test.TestR3_Bookings)  Time elapsed: 0 s  <<< FAILURE!
java.lang.AssertionError: Wrong seat for booking not detected: expected it.ffss.train.TrainException to be thrown, but nothing was thrown
	at it.polito.po.test.TestR3_Bookings.testBookingBadSeat(TestR3_Bookings.java:55)

[ERROR] testBookingFullOverlap(it.polito.po.test.TestR3_Bookings)  Time elapsed: 0 s  <<< FAILURE!
java.lang.AssertionError: Wrong slot for booking not detected: expected it.ffss.train.TrainException to be thrown, but nothing was thrown
	at it.polito.po.test.TestR3_Bookings.testBookingFullOverlap(TestR3_Bookings.java:63)

[ERROR] testListBookingsNotPresent(it.polito.po.test.TestR3_Bookings)  Time elapsed: 0 s  <<< FAILURE!
java.lang.AssertionError: Missing bookings
	at it.polito.po.test.TestR3_Bookings.testListBookingsNotPresent(TestR3_Bookings.java:116)

[INFO] Running it.polito.po.test.TestR4_PassengerCheck
[ERROR] Tests run: 3, Failures: 3, Errors: 0, Skipped: 0, Time elapsed: 0 s <<< FAILURE! - in it.polito.po.test.TestR4_PassengerCheck
[ERROR] testCheckSeat2(it.polito.po.test.TestR4_PassengerCheck)  Time elapsed: 0 s  <<< FAILURE!
java.lang.AssertionError: Missing booking for seat 1A
	at it.polito.po.test.TestR4_PassengerCheck.testCheckSeat2(TestR4_PassengerCheck.java:58)

[ERROR] testLastStop(it.polito.po.test.TestR4_PassengerCheck)  Time elapsed: 0 s  <<< FAILURE!
java.lang.AssertionError: expected:<2> but was:<-1>
	at it.polito.po.test.TestR4_PassengerCheck.testLastStop(TestR4_PassengerCheck.java:41)

[ERROR] testCheckSeat(it.polito.po.test.TestR4_PassengerCheck)  Time elapsed: 0 s  <<< FAILURE!
java.lang.AssertionError: Missing booking for seat 1A
	at it.polito.po.test.TestR4_PassengerCheck.testCheckSeat(TestR4_PassengerCheck.java:50)

[INFO] Running it.polito.po.test.TestR5_Stats
[ERROR] Tests run: 3, Failures: 3, Errors: 0, Skipped: 0, Time elapsed: 0 s <<< FAILURE! - in it.polito.po.test.TestR5_Stats
[ERROR] testFillRatio(it.polito.po.test.TestR5_Stats)  Time elapsed: 0 s  <<< FAILURE!
java.lang.AssertionError: Wrong fill ratio expected:<0.0125> but was:<-1.0>
	at it.polito.po.test.TestR5_Stats.testFillRatio(TestR5_Stats.java:50)

[ERROR] testCoverage(it.polito.po.test.TestR5_Stats)  Time elapsed: 0 s  <<< FAILURE!
java.lang.AssertionError: Missing coverage info
	at it.polito.po.test.TestR5_Stats.testCoverage(TestR5_Stats.java:63)

[ERROR] testOccupationRatio(it.polito.po.test.TestR5_Stats)  Time elapsed: 0 s  <<< FAILURE!
java.lang.AssertionError: Wrong occupation ratio expected:<0.010416666666666666> but was:<-1.0>
	at it.polito.po.test.TestR5_Stats.testOccupationRatio(TestR5_Stats.java:57)

[INFO] Running it.polito.po.test.TestR1_Cars
[ERROR] Tests run: 6, Failures: 6, Errors: 0, Skipped: 0, Time elapsed: 0 s <<< FAILURE! - in it.polito.po.test.TestR1_Cars
[ERROR] testClassesNoDup(it.polito.po.test.TestR1_Cars)  Time elapsed: 0 s  <<< FAILURE!
java.lang.AssertionError: No classes returned
	at it.polito.po.test.TestR1_Cars.testClassesNoDup(TestR1_Cars.java:45)

[ERROR] testCarsBadClass(it.polito.po.test.TestR1_Cars)  Time elapsed: 0 s  <<< FAILURE!
java.lang.AssertionError: Non existent class not detected: expected it.ffss.train.TrainException to be thrown, but nothing was thrown
	at it.polito.po.test.TestR1_Cars.testCarsBadClass(TestR1_Cars.java:79)

[ERROR] testCarsDupCode(it.polito.po.test.TestR1_Cars)  Time elapsed: 0 s  <<< FAILURE!
java.lang.AssertionError: Duplicate car id not detected: expected it.ffss.train.TrainException to be thrown, but nothing was thrown
	at it.polito.po.test.TestR1_Cars.testCarsDupCode(TestR1_Cars.java:67)

[ERROR] testCars(it.polito.po.test.TestR1_Cars)  Time elapsed: 0 s  <<< FAILURE!
java.lang.AssertionError: Wrong number of seats for new car expected:<80> but was:<-1>
	at it.polito.po.test.TestR1_Cars.testCars(TestR1_Cars.java:55)

[ERROR] testClasses(it.polito.po.test.TestR1_Cars)  Time elapsed: 0 s  <<< FAILURE!
java.lang.AssertionError: No classes returned
	at it.polito.po.test.TestR1_Cars.testClasses(TestR1_Cars.java:30)

[ERROR] testCarClasses(it.polito.po.test.TestR1_Cars)  Time elapsed: 0 s  <<< FAILURE!
java.lang.AssertionError: Missing normal class cars
	at it.polito.po.test.TestR1_Cars.testCarClasses(TestR1_Cars.java:95)

[INFO] Running it.polito.po.test.TestR2_Schedule
[ERROR] Tests run: 2, Failures: 2, Errors: 0, Skipped: 0, Time elapsed: 0 s <<< FAILURE! - in it.polito.po.test.TestR2_Schedule
[ERROR] testStops(it.polito.po.test.TestR2_Schedule)  Time elapsed: 0 s  <<< FAILURE!
java.lang.AssertionError: Wrong number of segments expected:<3> but was:<-1>
	at it.polito.po.test.TestR2_Schedule.testStops(TestR2_Schedule.java:37)

[ERROR] testDailySlots(it.polito.po.test.TestR2_Schedule)  Time elapsed: 0 s  <<< FAILURE!
java.lang.AssertionError: Missing seats
	at it.polito.po.test.TestR2_Schedule.testDailySlots(TestR2_Schedule.java:44)

[INFO] 
[INFO] Results:
[INFO] 
[ERROR] Failures: 
[ERROR]   TestExample.testAll:30
[ERROR]   TestR1_Cars.testCarClasses:95 Missing normal class cars
[ERROR]   TestR1_Cars.testCars:55 Wrong number of seats for new car expected:<80> but was:<-1>
[ERROR]   TestR1_Cars.testCarsBadClass:79 Non existent class not detected: expected it.ffss.train.TrainException to be thrown, but nothing was thrown
[ERROR]   TestR1_Cars.testCarsDupCode:67 Duplicate car id not detected: expected it.ffss.train.TrainException to be thrown, but nothing was thrown
[ERROR]   TestR1_Cars.testClasses:30 No classes returned
[ERROR]   TestR1_Cars.testClassesNoDup:45 No classes returned
[ERROR]   TestR2_Schedule.testDailySlots:44 Missing seats
[ERROR]   TestR2_Schedule.testStops:37 Wrong number of segments expected:<3> but was:<-1>
[ERROR]   TestR3_Bookings.testBooking:40 expected:<XD345> but was:<null>
[ERROR]   TestR3_Bookings.testBookingBadCode:48 Invalid car id for booking not detected: expected it.ffss.train.TrainException to be thrown, but nothing was thrown
[ERROR]   TestR3_Bookings.testBookingBadSeat:55 Wrong seat for booking not detected: expected it.ffss.train.TrainException to be thrown, but nothing was thrown
[ERROR]   TestR3_Bookings.testBookingFullOverlap:63 Wrong slot for booking not detected: expected it.ffss.train.TrainException to be thrown, but nothing was thrown
[ERROR]   TestR3_Bookings.testBookingPartialOverlap:71 Wrong slot for booking not detected: expected it.ffss.train.TrainException to be thrown, but nothing was thrown
[ERROR]   TestR3_Bookings.testListBookings:85 Missing bookings
[ERROR]   TestR3_Bookings.testListBookings2:99 Missing bookings
[ERROR]   TestR3_Bookings.testListBookingsNotPresent:116 Missing bookings
[ERROR]   TestR3_Bookings.testNonBookedSeats:129 Missing seats
[ERROR]   TestR4_PassengerCheck.testCheckSeat:50 Missing booking for seat 1A
[ERROR]   TestR4_PassengerCheck.testCheckSeat2:58 Missing booking for seat 1A
[ERROR]   TestR4_PassengerCheck.testLastStop:41 expected:<2> but was:<-1>
[ERROR]   TestR5_Stats.testCoverage:63 Missing coverage info
[ERROR]   TestR5_Stats.testFillRatio:50 Wrong fill ratio expected:<0.0125> but was:<-1.0>
[ERROR]   TestR5_Stats.testOccupationRatio:57 Wrong occupation ratio expected:<0.010416666666666666> but was:<-1.0>
[INFO] 
[ERROR] Tests run: 24, Failures: 24, Errors: 0, Skipped: 0
[INFO] 
[INFO] ------------------------------------------------------------------------
[INFO] BUILD FAILURE
[INFO] ------------------------------------------------------------------------
[INFO] Total time:  1.373 s
[INFO] Finished at: 2023-06-29T10:41:31+02:00
[INFO] ------------------------------------------------------------------------
[ERROR] Failed to execute goal org.apache.maven.plugins:maven-surefire-plugin:2.22.0:test (default-test) on project trains: There are test failures.
[ERROR] 
[ERROR] Please refer to /Users/mtk/Documents/Teaching/_OOP/Esami/20230627/consegne/s314800/target/surefire-reports for the individual test results.
[ERROR] Please refer to dump files (if any exist) [date]-jvmRun[N].dump, [date].dumpstream and [date]-jvmRun[N].dumpstream.
[ERROR] -> [Help 1]
[ERROR] 
[ERROR] To see the full stack trace of the errors, re-run Maven with the -e switch.
[ERROR] Re-run Maven using the -X switch to enable full debug logging.
[ERROR] 
[ERROR] For more information about the errors and possible solutions, please read the following articles:
[ERROR] [Help 1] http://cwiki.apache.org/confluence/display/MAVEN/MojoFailureException
